<?xml version="1.0" encoding="UTF-8"?>
<testng-results ignored="0" total="1" passed="1" failed="0" skipped="0">
  <reporter-output>
  </reporter-output>
  <suite started-at="2022-01-19T21:14:41 EST" name="Default suite" finished-at="2022-01-19T21:14:58 EST" duration-ms="16884">
    <groups>
    </groups>
    <test started-at="2022-01-19T21:14:41 EST" name="Default test" finished-at="2022-01-19T21:14:58 EST" duration-ms="16884">
      <class name="TestNG.TestAutomation_TestNG">
        <test-method is-config="true" signature="testSetUp()[pri:0, instance:TestNG.TestAutomation_TestNG@5ba3f27a]" started-at="2022-01-19T21:14:41 EST" name="testSetUp" finished-at="2022-01-19T21:14:49 EST" duration-ms="7232" status="PASS">
          <reporter-output>
          </reporter-output>
        </test-method> <!-- testSetUp -->
        <test-method signature="testContactUs()[pri:0, instance:TestNG.TestAutomation_TestNG@5ba3f27a]" started-at="2022-01-19T21:14:49 EST" name="testContactUs" finished-at="2022-01-19T21:14:58 EST" duration-ms="8941" status="PASS">
          <reporter-output>
          </reporter-output>
        </test-method> <!-- testContactUs -->
        <test-method is-config="true" signature="testClosing()[pri:0, instance:TestNG.TestAutomation_TestNG@5ba3f27a]" started-at="2022-01-19T21:14:58 EST" name="testClosing" finished-at="2022-01-19T21:14:58 EST" duration-ms="680" status="PASS">
          <reporter-output>
          </reporter-output>
        </test-method> <!-- testClosing -->
      </class> <!-- TestNG.TestAutomation_TestNG -->
    </test> <!-- Default test -->
  </suite> <!-- Default suite -->
</testng-results>
